<?xml version="1.0" encoding="UTF-8"?>
<testsuite name="ApplicationTests" tests="1" skipped="0" failures="0" errors="0" timestamp="2026-05-28T15:30:24.518Z" hostname="yk-mba" time="15.241">
  <properties/>
  <testcase name="start" classname="ApplicationTests" time="15.241"/>
  <system-out><![CDATA[?[1;31m
Start test 1?[0m
?[0;34m
?[0m?[0;34m  .   ____          _            __ _ _
?[0m?[0;34m /\\ / ___'_ __ _ _(_)_ __  __ _ \ \ \ \
?[0m?[0;34m( ( )\___ | '_ | '_| | '_ \/ _` | \ \ \ \
?[0m?[0;34m \\/  ___)| |_)| | | | | || (_| |  ) ) ) )
?[0m?[0;34m  '  |____| .__|_| |_|_| |_\__, | / / / /
?[0m?[0;34m =========|_|==============|___/=/_/_/_/
?[0m?[0;34m
?[0m?[0;34m :: Spring Boot ::                (v3.5.9)
?[0m?[0;34m
?[0m?[0;34m2026-05-28T17:30:24.886+02:00  INFO 85723 --- [    Test worker] taskmanagement.Application               : Starting Application using Java 23.0.2 with PID 85723 (started by forum-gs-mac-air-it in /Users/forum-gs-mac-air-it/IdeaProjects/Task Management System/Task Management System/task)
?[0m?[0;34m2026-05-28T17:30:24.888+02:00  INFO 85723 --- [    Test worker] taskmanagement.Application               : No active profile set, falling back to 1 default profile: "default"
?[0m?[0;34m2026-05-28T17:30:25.375+02:00  INFO 85723 --- [    Test worker] .s.d.r.c.RepositoryConfigurationDelegate : Bootstrapping Spring Data JPA repositories in DEFAULT mode.
?[0m?[0;34m2026-05-28T17:30:25.404+02:00  INFO 85723 --- [    Test worker] .s.d.r.c.RepositoryConfigurationDelegate : Finished Spring Data repository scanning in 22 ms. Found 3 JPA repository interfaces.
?[0m?[0;34m2026-05-28T17:30:25.700+02:00  INFO 85723 --- [    Test worker] o.s.b.w.embedded.tomcat.TomcatWebServer  : Tomcat initialized with port 8080 (http)
?[0m?[0;34m2026-05-28T17:30:25.712+02:00  INFO 85723 --- [    Test worker] o.apache.catalina.core.StandardService   : Starting service [Tomcat]
?[0m?[0;34m2026-05-28T17:30:25.712+02:00  INFO 85723 --- [    Test worker] o.apache.catalina.core.StandardEngine    : Starting Servlet engine: [Apache Tomcat/10.1.50]
?[0m?[0;34m2026-05-28T17:30:25.739+02:00  INFO 85723 --- [    Test worker] o.a.c.c.C.[Tomcat].[localhost].[/]       : Initializing Spring embedded WebApplicationContext
?[0m?[0;34m2026-05-28T17:30:25.740+02:00  INFO 85723 --- [    Test worker] w.s.c.ServletWebServerApplicationContext : Root WebApplicationContext: initialization completed in 832 ms
?[0m?[0;34m2026-05-28T17:30:25.845+02:00  INFO 85723 --- [    Test worker] o.hibernate.jpa.internal.util.LogHelper  : HHH000204: Processing PersistenceUnitInfo [name: default]
?[0m?[0;34m2026-05-28T17:30:25.873+02:00  INFO 85723 --- [    Test worker] org.hibernate.Version                    : HHH000412: Hibernate ORM core version 6.6.39.Final
?[0m?[0;34m2026-05-28T17:30:25.887+02:00  INFO 85723 --- [    Test worker] o.h.c.internal.RegionFactoryInitiator    : HHH000026: Second-level cache disabled
?[0m?[0;34m2026-05-28T17:30:26.007+02:00  INFO 85723 --- [    Test worker] o.s.o.j.p.SpringPersistenceUnitInfo      : No LoadTimeWeaver setup: ignoring JPA class transformer
?[0m?[0;34m2026-05-28T17:30:26.022+02:00  INFO 85723 --- [    Test worker] com.zaxxer.hikari.HikariDataSource       : HikariPool-1 - Starting...
?[0m?[0;34m2026-05-28T17:30:26.105+02:00  INFO 85723 --- [    Test worker] com.zaxxer.hikari.pool.HikariPool        : HikariPool-1 - Added connection conn0: url=jdbc:h2:file:../tms_db user=SA
?[0m?[0;34m2026-05-28T17:30:26.106+02:00  INFO 85723 --- [    Test worker] com.zaxxer.hikari.HikariDataSource       : HikariPool-1 - Start completed.
?[0m?[0;34m2026-05-28T17:30:26.135+02:00  INFO 85723 --- [    Test worker] org.hibernate.orm.connections.pooling    : HHH10001005: Database info:
?[0m?[0;34m	Database JDBC URL [Connecting through datasource 'HikariDataSource (HikariPool-1)']
?[0m?[0;34m	Database driver: undefined/unknown
?[0m?[0;34m	Database version: 2.3.232
?[0m?[0;34m	Autocommit mode: undefined/unknown
?[0m?[0;34m	Isolation level: undefined/unknown
?[0m?[0;34m	Minimum pool size: undefined/unknown
?[0m?[0;34m	Maximum pool size: undefined/unknown
?[0m?[0;34m2026-05-28T17:30:26.509+02:00  INFO 85723 --- [    Test worker] o.h.e.t.j.p.i.JtaPlatformInitiator       : HHH000489: No JTA platform available (set 'hibernate.transaction.jta.platform' to enable JTA platform integration)
?[0m?[0;34m2026-05-28T17:30:26.547+02:00  INFO 85723 --- [    Test worker] j.LocalContainerEntityManagerFactoryBean : Initialized JPA EntityManagerFactory for persistence unit 'default'
?[0m?[0;34m2026-05-28T17:30:26.768+02:00  WARN 85723 --- [    Test worker] JpaBaseConfiguration$JpaWebConfiguration : spring.jpa.open-in-view is enabled by default. Therefore, database queries may be performed during view rendering. Explicitly configure spring.jpa.open-in-view to disable this warning
?[0m?[0;34m2026-05-28T17:30:26.915+02:00  INFO 85723 --- [    Test worker] o.s.b.a.e.web.EndpointLinksResolver      : Exposing 14 endpoints beneath base path '/actuator'
?[0m?[0;34m2026-05-28T17:30:26.934+02:00  INFO 85723 --- [    Test worker] r$InitializeUserDetailsManagerConfigurer : Global AuthenticationManager configured with UserDetailsService bean with name databaseUserDetailsService
?[0m?[0;34m2026-05-28T17:30:27.055+02:00  INFO 85723 --- [    Test worker] o.s.b.a.h2.H2ConsoleAutoConfiguration    : H2 console available at '/h2-console'. Database available at 'jdbc:h2:file:../tms_db'
?[0m?[0;34m2026-05-28T17:30:27.087+02:00  INFO 85723 --- [    Test worker] o.s.b.w.embedded.tomcat.TomcatWebServer  : Tomcat started on port 8080 (http) with context path '/'
?[0m?[0;34m2026-05-28T17:30:27.096+02:00  INFO 85723 --- [    Test worker] taskmanagement.Application               : Started Application in 2.404 seconds (process running for 2.889)
?[0;34m2026-05-28T17:30:27.329+02:00  INFO 85723 --- [nio-8080-exec-1] o.a.c.c.C.[Tomcat].[localhost].[/]       : Initializing Spring DispatcherServlet 'dispatcherServlet'
?[0m?[0;34m2026-05-28T17:30:27.329+02:00  INFO 85723 --- [nio-8080-exec-1] o.s.web.servlet.DispatcherServlet        : Initializing Servlet 'dispatcherServlet'
?[0m?[0;34m2026-05-28T17:30:27.330+02:00  INFO 85723 --- [nio-8080-exec-1] o.s.web.servlet.DispatcherServlet        : Completed initialization in 1 ms
?[0m?[0;34m
?[0m?[0;34mRequest: POST http://localhost:8080/api/accounts
?[0m?[0;34mRequest body: {"email":"alice@email.com","password":"password"}
?[0m?[0;34m
?[0m?[1;31m
Start test 2?[0m
?[0;34m
?[0m?[0;34mRequest: POST http://localhost:8080/api/accounts
?[0m?[0;34mRequest body: {"email":"alice@email.com","password":"password"}
?[0m?[0;34m
?[0m?[1;31m
Start test 3?[0m
?[0;34m
?[0m?[0;34mRequest: POST http://localhost:8080/api/accounts
?[0m?[0;34mRequest body: {"email":"ALICE@email.com","password":"password"}
?[0m?[0;34m
?[0m?[1;31m
Start test 4?[0m
?[0;34m
?[0m?[0;34mRequest: POST http://localhost:8080/api/accounts
?[0m?[0;34mRequest body: {"email":"bob@example.com","password":"123456"}
?[0m?[0;34m
?[0m?[1;31m
Start test 5?[0m
?[0;34m
?[0m?[0;34mRequest: POST http://localhost:8080/api/accounts
?[0m?[0;34mRequest body: {"email":" ","password":"password"}
?[0m?[0;34m
?[0m?[1;31m
Start test 6?[0m
?[0;34m
?[0m?[0;34mRequest: POST http://localhost:8080/api/accounts
?[0m?[0;34mRequest body: {"password":"password"}
?[0m?[0;34m
?[0m?[1;31m
Start test 7?[0m
?[0;34m
?[0m?[0;34mRequest: POST http://localhost:8080/api/accounts
?[0m?[0;34mRequest body: {"email":"malformed@email.","password":"password"}
?[0m?[0;34m
?[0m?[1;31m
Start test 8?[0m
?[0;34m
?[0m?[0;34mRequest: POST http://localhost:8080/api/accounts
?[0m?[0;34mRequest body: {"email":"test@test.com"}
?[0m?[0;34m
?[0m?[1;31m
Start test 9?[0m
?[0;34m
?[0m?[0;34mRequest: POST http://localhost:8080/api/accounts
?[0m?[0;34mRequest body: {"email":"test@test.com","password":"      "}
?[0m?[0;34m
?[0m?[1;31m
Start test 10?[0m
?[0;34m
?[0m?[0;34mRequest: POST http://localhost:8080/api/accounts
?[0m?[0;34mRequest body: {"email":"test@test.com","password":"12345"}
?[0m?[0;34m
?[0m?[1;31m
Start test 11?[0m
?[0;34m
?[0m?[0;34mRequest: POST http://localhost:8080/api/auth/token
?[0m?[0;34mRequest body: 
?[0m?[0;34m
?[0m?[1;31m
Start test 12?[0m
?[0;34m
?[0m?[0;34mRequest: POST http://localhost:8080/api/auth/token
?[0m?[0;34mRequest body: 
?[0m?[0;34m
?[0m?[1;31m
Start test 13?[0m
?[0;34m
?[0m?[0;34mRequest: POST http://localhost:8080/api/auth/token
?[0m?[0;34mRequest body: 
?[0m?[0;34m
?[0m?[1;31m
Start test 14?[0m
?[0;34m
?[0m?[0;34mRequest: POST http://localhost:8080/api/auth/token
?[0m?[0;34mRequest body: 
?[0m?[0;34m
?[0m?[1;31m
Start test 15?[0m
?[0;34m
?[0m?[0;34mRequest: POST http://localhost:8080/api/tasks
?[0m?[0;34mRequest body: {"title":"title 1","description":"description 1"}
?[0m?[0;34m
?[0m?[1;31m
Start test 16?[0m
?[0;34m
?[0m?[0;34mRequest: POST http://localhost:8080/api/tasks
?[0m?[0;34mRequest body: {"title":"title 2","description":"description 2"}
?[0m?[0;34m
?[0m?[1;31m
Start test 17?[0m
?[0;34m
?[0m?[0;34mRequest: POST http://localhost:8080/api/tasks
?[0m?[0;34mRequest body: {"title":"title 3","description":"description 3"}
?[0m?[0;34m
?[0m?[1;31m
Start test 18?[0m
?[0;34m
?[0m?[0;34mRequest: POST http://localhost:8080/api/tasks
?[0m?[0;34mRequest body: {"id":"3","description":"description 3","status":"CREATED","author":"bob@example.com"}
?[0m?[0;34m
?[0m?[1;31m
Start test 19?[0m
?[0;34m
?[0m?[0;34mRequest: POST http://localhost:8080/api/tasks
?[0m?[0;34mRequest body: {"id":"1","title":" ","description":"description 1","status":"CREATED","author":"alice@email.com"}
?[0m?[0;34m
?[0m?[1;31m
Start test 20?[0m
?[0;34m
?[0m?[0;34mRequest: POST http://localhost:8080/api/tasks
?[0m?[0;34mRequest body: {"id":"1","title":"title 1","status":"CREATED","author":"alice@email.com"}
?[0m?[0;34m
?[0m?[1;31m
Start test 21?[0m
?[0;34m
?[0m?[0;34mRequest: POST http://localhost:8080/api/tasks
?[0m?[0;34mRequest body: {"id":"1","title":"title 1","description":" ","status":"CREATED","author":"alice@email.com"}
?[0m?[0;34m
?[0m?[1;31m
Start test 22?[0m
?[0;34m
?[0m?[0;34mRequest: POST http://localhost:8080/api/tasks
?[0m?[0;34mRequest body: {"id":"1","title":"title 1","description":"description 1","status":"CREATED","author":"alice@email.com"}
?[0m?[0;34m
?[0m?[1;31m
Start test 23?[0m
?[0;34m
?[0m?[0;34mRequest: PUT http://localhost:8080/api/tasks/1/assign
?[0m?[0;34mRequest body: {"assignee":"bob@example.com"}
?[0m?[0;34m
?[0m?[1;31m
Start test 24?[0m
?[0;34m
?[0m?[0;34mRequest: PUT http://localhost:8080/api/tasks/2/assign
?[0m?[0;34mRequest body: {"assignee":"bob@example.com"}
?[0m?[0;34m
?[0m?[1;31m
Start test 25?[0m
?[0;34m
?[0m?[0;34mRequest: PUT http://localhost:8080/api/tasks/1/assign
?[0m?[0;34mRequest body: {"assignee":"none"}
?[0m?[0;34m
?[0m?[1;31m
Start test 26?[0m
?[0;34m
?[0m?[0;34mRequest: PUT http://localhost:8080/api/tasks/3/assign
?[0m?[0;34mRequest body: {"assignee":"alice@email.com"}
?[0m?[0;34m
?[0m?[1;31m
Start test 27?[0m
?[0;34m
?[0m?[0;34mRequest: PUT http://localhost:8080/api/tasks/1/assign
?[0m?[0;34mRequest body: {"assignee":"bob@example.com"}
?[0m?[0;34m
?[0m?[1;31m
Start test 28?[0m
?[0;34m
?[0m?[0;34mRequest: PUT http://localhost:8080/api/tasks/1/assign
?[0m?[0;34mRequest body: {"assignee":"8eccb800-a4d8-4bfa-b20a-b061ad3d3118@test.com"}
?[0m?[0;34m
?[0m?[1;31m
Start test 29?[0m
?[0;34m
?[0m?[0;34mRequest: PUT http://localhost:8080/api/tasks/987654321/assign
?[0m?[0;34mRequest body: {"assignee":"bob@example.com"}
?[0m?[0;34m
?[0m?[1;31m
Start test 30?[0m
?[0;34m
?[0m?[0;34mRequest: PUT http://localhost:8080/api/tasks/1/assign
?[0m?[0;34mRequest body: {"assignee":"bob@example.com"}
?[0m?[0;34m
?[0m?[1;31m
Start test 31?[0m
?[0;34m
?[0m?[0;34mRequest: PUT http://localhost:8080/api/tasks/1/status
?[0m?[0;34mRequest body: {"status":"IN_PROGRESS"}
?[0m?[0;34m
?[0m?[1;31m
Start test 32?[0m
?[0;34m
?[0m?[0;34mRequest: PUT http://localhost:8080/api/tasks/2/status
?[0m?[0;34mRequest body: {"status":"IN_PROGRESS"}
?[0m?[0;34m
?[0m?[1;31m
Start test 33?[0m
?[0;34m
?[0m?[0;34mRequest: PUT http://localhost:8080/api/tasks/2/status
?[0m?[0;34mRequest body: {"status":"COMPLETED"}
?[0m?[0;34m
?[0m?[1;31m
Start test 34?[0m
?[0;34m
?[0m?[0;34mRequest: PUT http://localhost:8080/api/tasks/1/status
?[0m?[0;34mRequest body: {"status":"COMPLETED"}
?[0m?[0;34m
?[0m?[1;31m
Start test 35?[0m
?[0;34m
?[0m?[0;34mRequest: PUT http://localhost:8080/api/tasks/98765432/status
?[0m?[0;34mRequest body: {"status":"COMPLETED"}
?[0m?[0;34m
?[0m?[1;31m
Start test 36?[0m
?[0;34m
?[0m?[0;34mRequest: PUT http://localhost:8080/api/tasks/1/status
?[0m?[0;34mRequest body: {"status":"COMPLETED"}
?[0m?[0;34m
?[0m?[1;31m
Start test 37?[0m
?[0;34m
?[0m?[0;34mRequest: GET http://localhost:8080/api/tasks
?[0m?[0;34mRequest body: 
?[0m?[0;34m
?[0m?[1;31m
Start test 38?[0m
?[0;34m
?[0m?[0;34mRequest: GET http://localhost:8080/api/tasks
?[0m?[0;34mRequest body: 
?[0m?[0;34m
?[0m?[1;31m
Start test 39?[0m
?[0;34m
?[0m?[0;34mRequest: GET http://localhost:8080/api/tasks
?[0m?[0;34mRequest body: 
?[0m?[0;34m
?[0m?[1;31m
Start test 40?[0m
?[0;34m
?[0m?[0;34mRequest: GET http://localhost:8080/api/tasks?author=alice@email.com
?[0m?[0;34mRequest body: 
?[0m?[0;34m
?[0m?[1;31m
Start test 41?[0m
?[0;34m
?[0m?[0;34mRequest: GET http://localhost:8080/api/tasks?author=alice@email.com
?[0m?[0;34mRequest body: 
?[0m?[0;34m
?[0m?[1;31m
Start test 42?[0m
?[0;34m
?[0m?[0;34mRequest: GET http://localhost:8080/api/tasks?author=bob@example.com
?[0m?[0;34mRequest body: 
?[0m?[0;34m
?[0m?[1;31m
Start test 43?[0m
?[0;34m
?[0m?[0;34mRequest: GET http://localhost:8080/api/tasks?author=unknown
?[0m?[0;34mRequest body: 
?[0m?[0;34m
?[0m?[1;31m
Start test 44?[0m
?[0;34m
?[0m?[0;34mRequest: GET http://localhost:8080/api/tasks?assignee=unknown
?[0m?[0;34mRequest body: 
?[0m?[0;34m
?[0m?[1;31m
Start test 45?[0m
?[0;34m
?[0m?[0;34mRequest: GET http://localhost:8080/api/tasks?author=alice@email.com&assignee=bob@example.com
?[0m?[0;34mRequest body: 
?[0m?[0;34m
?[0m?[1;31m
Start test 46?[0m
?[0;34m
?[0m?[0;34mRequest: GET http://localhost:8080/api/tasks?author=bob@example.com&assignee=alice@email.com
?[0m?[0;34mRequest body: 
?[0m?[0;34m
?[0m?[1;31m
Start test 47?[0m
?[0;34m2026-05-28T17:30:28.843+02:00  INFO 85723 --- [       Thread-5] o.s.b.w.e.tomcat.GracefulShutdown        : Commencing graceful shutdown. Waiting for active requests to complete
?[0;34m2026-05-28T17:30:28.855+02:00  INFO 85723 --- [tomcat-shutdown] o.s.b.w.e.tomcat.GracefulShutdown        : Graceful shutdown complete
?[0m?[0;34m2026-05-28T17:30:28.865+02:00  INFO 85723 --- [       Thread-5] j.LocalContainerEntityManagerFactoryBean : Closing JPA EntityManagerFactory for persistence unit 'default'
?[0m?[0;34m2026-05-28T17:30:28.867+02:00  INFO 85723 --- [       Thread-5] com.zaxxer.hikari.HikariDataSource       : HikariPool-1 - Shutdown initiated...
?[0m?[0;34m2026-05-28T17:30:29.081+02:00  INFO 85723 --- [       Thread-5] com.zaxxer.hikari.HikariDataSource       : HikariPool-1 - Shutdown completed.
?[0;34m
?[0m?[0;34m  .   ____          _            __ _ _
?[0m?[0;34m /\\ / ___'_ __ _ _(_)_ __  __ _ \ \ \ \
?[0m?[0;34m( ( )\___ | '_ | '_| | '_ \/ _` | \ \ \ \
?[0m?[0;34m \\/  ___)| |_)| | | | | || (_| |  ) ) ) )
?[0m?[0;34m  '  |____| .__|_| |_|_| |_\__, | / / / /
?[0m?[0;34m =========|_|==============|___/=/_/_/_/
?[0m?[0;34m
?[0m?[0;34m :: Spring Boot ::                (v3.5.9)
?[0m?[0;34m
?[0m?[0;34m2026-05-28T17:30:38.755+02:00  INFO 85723 --- [    Test worker] taskmanagement.Application               : Starting Application using Java 23.0.2 with PID 85723 (started by forum-gs-mac-air-it in /Users/forum-gs-mac-air-it/IdeaProjects/Task Management System/Task Management System/task)
?[0m?[0;34m2026-05-28T17:30:38.755+02:00  INFO 85723 --- [    Test worker] taskmanagement.Application               : No active profile set, falling back to 1 default profile: "default"
?[0m?[0;34m2026-05-28T17:30:39.078+02:00  INFO 85723 --- [    Test worker] .s.d.r.c.RepositoryConfigurationDelegate : Bootstrapping Spring Data JPA repositories in DEFAULT mode.
?[0m?[0;34m2026-05-28T17:30:39.094+02:00  INFO 85723 --- [    Test worker] .s.d.r.c.RepositoryConfigurationDelegate : Finished Spring Data repository scanning in 13 ms. Found 3 JPA repository interfaces.
?[0m?[0;34m2026-05-28T17:30:39.158+02:00  INFO 85723 --- [    Test worker] o.s.b.w.embedded.tomcat.TomcatWebServer  : Tomcat initialized with port 8080 (http)
?[0m?[0;34m2026-05-28T17:30:39.159+02:00  INFO 85723 --- [    Test worker] o.apache.catalina.core.StandardService   : Starting service [Tomcat]
?[0m?[0;34m2026-05-28T17:30:39.159+02:00  INFO 85723 --- [    Test worker] o.apache.catalina.core.StandardEngine    : Starting Servlet engine: [Apache Tomcat/10.1.50]
?[0m?[0;34m2026-05-28T17:30:39.173+02:00  INFO 85723 --- [    Test worker] o.a.c.c.C.[Tomcat].[localhost].[/]       : Initializing Spring embedded WebApplicationContext
?[0m?[0;34m2026-05-28T17:30:39.173+02:00  INFO 85723 --- [    Test worker] w.s.c.ServletWebServerApplicationContext : Root WebApplicationContext: initialization completed in 416 ms
?[0m?[0;34m2026-05-28T17:30:39.215+02:00  INFO 85723 --- [    Test worker] o.hibernate.jpa.internal.util.LogHelper  : HHH000204: Processing PersistenceUnitInfo [name: default]
?[0m?[0;34m2026-05-28T17:30:39.216+02:00  INFO 85723 --- [    Test worker] o.h.c.internal.RegionFactoryInitiator    : HHH000026: Second-level cache disabled
?[0m?[0;34m2026-05-28T17:30:39.221+02:00  INFO 85723 --- [    Test worker] o.s.o.j.p.SpringPersistenceUnitInfo      : No LoadTimeWeaver setup: ignoring JPA class transformer
?[0m?[0;34m2026-05-28T17:30:39.221+02:00  INFO 85723 --- [    Test worker] com.zaxxer.hikari.HikariDataSource       : HikariPool-2 - Starting...
?[0m?[0;34m2026-05-28T17:30:39.227+02:00  INFO 85723 --- [    Test worker] com.zaxxer.hikari.pool.HikariPool        : HikariPool-2 - Added connection conn10: url=jdbc:h2:file:../tms_db user=SA
?[0m?[0;34m2026-05-28T17:30:39.227+02:00  INFO 85723 --- [    Test worker] com.zaxxer.hikari.HikariDataSource       : HikariPool-2 - Start completed.
?[0m?[0;34m2026-05-28T17:30:39.228+02:00  INFO 85723 --- [    Test worker] org.hibernate.orm.connections.pooling    : HHH10001005: Database info:
?[0m?[0;34m	Database JDBC URL [Connecting through datasource 'HikariDataSource (HikariPool-2)']
?[0m?[0;34m	Database driver: undefined/unknown
?[0m?[0;34m	Database version: 2.3.232
?[0m?[0;34m	Autocommit mode: undefined/unknown
?[0m?[0;34m	Isolation level: undefined/unknown
?[0m?[0;34m	Minimum pool size: undefined/unknown
?[0m?[0;34m	Maximum pool size: undefined/unknown
?[0m?[0;34m2026-05-28T17:30:39.246+02:00  INFO 85723 --- [    Test worker] o.h.e.t.j.p.i.JtaPlatformInitiator       : HHH000489: No JTA platform available (set 'hibernate.transaction.jta.platform' to enable JTA platform integration)
?[0m?[0;34m2026-05-28T17:30:39.249+02:00  INFO 85723 --- [    Test worker] j.LocalContainerEntityManagerFactoryBean : Initialized JPA EntityManagerFactory for persistence unit 'default'
?[0m?[0;34m2026-05-28T17:30:39.274+02:00  WARN 85723 --- [    Test worker] JpaBaseConfiguration$JpaWebConfiguration : spring.jpa.open-in-view is enabled by default. Therefore, database queries may be performed during view rendering. Explicitly configure spring.jpa.open-in-view to disable this warning
?[0m?[0;34m2026-05-28T17:30:39.332+02:00  INFO 85723 --- [    Test worker] o.s.b.a.e.web.EndpointLinksResolver      : Exposing 14 endpoints beneath base path '/actuator'
?[0m?[0;34m2026-05-28T17:30:39.342+02:00  INFO 85723 --- [    Test worker] r$InitializeUserDetailsManagerConfigurer : Global AuthenticationManager configured with UserDetailsService bean with name databaseUserDetailsService
?[0m?[0;34m2026-05-28T17:30:39.373+02:00  INFO 85723 --- [    Test worker] o.s.b.a.h2.H2ConsoleAutoConfiguration    : H2 console available at '/h2-console'. Database available at 'jdbc:h2:file:../tms_db'
?[0m?[0;34m2026-05-28T17:30:39.382+02:00  INFO 85723 --- [    Test worker] o.s.b.w.embedded.tomcat.TomcatWebServer  : Tomcat started on port 8080 (http) with context path '/'
?[0m?[0;34m2026-05-28T17:30:39.386+02:00  INFO 85723 --- [    Test worker] taskmanagement.Application               : Started Application in 0.671 seconds (process running for 15.179)
?[0m?[1;31m
Start test 48?[0m
?[0;34m2026-05-28T17:30:39.393+02:00  INFO 85723 --- [nio-8080-exec-1] o.a.c.c.C.[Tomcat].[localhost].[/]       : Initializing Spring DispatcherServlet 'dispatcherServlet'
?[0m?[0;34m2026-05-28T17:30:39.393+02:00  INFO 85723 --- [nio-8080-exec-1] o.s.web.servlet.DispatcherServlet        : Initializing Servlet 'dispatcherServlet'
?[0m?[0;34m2026-05-28T17:30:39.394+02:00  INFO 85723 --- [nio-8080-exec-1] o.s.web.servlet.DispatcherServlet        : Completed initialization in 1 ms
?[0;34m
?[0m?[0;34mRequest: POST http://localhost:8080/api/accounts
?[0m?[0;34mRequest body: {"email":"alice@email.com","password":"password","token":"a340e25c-1991-4638-8ed4-9d8652f5ae44"}
?[0m?[0;34m
?[0m?[1;31m
Start test 49?[0m
?[0;34m
?[0m?[0;34mRequest: POST http://localhost:8080/api/auth/token
?[0m?[0;34mRequest body: 
?[0m?[0;34m
?[0m?[1;31m
Start test 50?[0m
?[0;34m
?[0m?[0;34mRequest: GET http://localhost:8080/api/tasks
?[0m?[0;34mRequest body: 
?[0m?[0;34m
?[0m]]></system-out>
  <system-err><![CDATA[]]></system-err>
</testsuite>
