<?xml version="1.0" encoding="UTF-8"?>
<testsuite name="ApplicationTests" tests="1" skipped="0" failures="0" errors="0" timestamp="2026-05-28T15:51:39.680Z" hostname="yk-mba" time="22.972">
  <properties/>
  <testcase name="start" classname="ApplicationTests" time="22.972"/>
  <system-out><![CDATA[?[1;31m
Start test 1?[0m
?[0;34m
?[0m?[0;34m  .   ____          _            __ _ _
?[0m?[0;34m /\\ / ___'_ __ _ _(_)_ __  __ _ \ \ \ \
?[0m?[0;34m( ( )\___ | '_ | '_| | '_ \/ _` | \ \ \ \
?[0m?[0;34m \\/  ___)| |_)| | | | | || (_| |  ) ) ) )
?[0m?[0;34m  '  |____| .__|_| |_|_| |_\__, | / / / /
?[0m?[0;34m =========|_|==============|___/=/_/_/_/
?[0m?[0;34m
?[0m?[0;34m :: Spring Boot ::                (v3.5.9)
?[0m?[0;34m
?[0m?[0;34m2026-05-28T17:51:40.334+02:00  INFO 87863 --- [    Test worker] taskmanagement.Application               : Starting Application using Java 23.0.2 with PID 87863 (started by forum-gs-mac-air-it in /Users/forum-gs-mac-air-it/IdeaProjects/Task Management System/Task Management System/task)
?[0m?[0;34m2026-05-28T17:51:40.340+02:00  INFO 87863 --- [    Test worker] taskmanagement.Application               : No active profile set, falling back to 1 default profile: "default"
?[0m?[0;34m2026-05-28T17:51:41.686+02:00  INFO 87863 --- [    Test worker] .s.d.r.c.RepositoryConfigurationDelegate : Bootstrapping Spring Data JPA repositories in DEFAULT mode.
?[0m?[0;34m2026-05-28T17:51:41.767+02:00  INFO 87863 --- [    Test worker] .s.d.r.c.RepositoryConfigurationDelegate : Finished Spring Data repository scanning in 62 ms. Found 4 JPA repository interfaces.
?[0m?[0;34m2026-05-28T17:51:42.547+02:00  INFO 87863 --- [    Test worker] o.s.b.w.embedded.tomcat.TomcatWebServer  : Tomcat initialized with port 8080 (http)
?[0m?[0;34m2026-05-28T17:51:42.579+02:00  INFO 87863 --- [    Test worker] o.apache.catalina.core.StandardService   : Starting service [Tomcat]
?[0m?[0;34m2026-05-28T17:51:42.579+02:00  INFO 87863 --- [    Test worker] o.apache.catalina.core.StandardEngine    : Starting Servlet engine: [Apache Tomcat/10.1.50]
?[0m?[0;34m2026-05-28T17:51:42.633+02:00  INFO 87863 --- [    Test worker] o.a.c.c.C.[Tomcat].[localhost].[/]       : Initializing Spring embedded WebApplicationContext
?[0m?[0;34m2026-05-28T17:51:42.634+02:00  INFO 87863 --- [    Test worker] w.s.c.ServletWebServerApplicationContext : Root WebApplicationContext: initialization completed in 2261 ms
?[0m?[0;34m2026-05-28T17:51:42.896+02:00  INFO 87863 --- [    Test worker] o.hibernate.jpa.internal.util.LogHelper  : HHH000204: Processing PersistenceUnitInfo [name: default]
?[0m?[0;34m2026-05-28T17:51:43.112+02:00  INFO 87863 --- [    Test worker] org.hibernate.Version                    : HHH000412: Hibernate ORM core version 6.6.39.Final
?[0m?[0;34m2026-05-28T17:51:43.179+02:00  INFO 87863 --- [    Test worker] o.h.c.internal.RegionFactoryInitiator    : HHH000026: Second-level cache disabled
?[0m?[0;34m2026-05-28T17:51:43.630+02:00  INFO 87863 --- [    Test worker] o.s.o.j.p.SpringPersistenceUnitInfo      : No LoadTimeWeaver setup: ignoring JPA class transformer
?[0m?[0;34m2026-05-28T17:51:43.659+02:00  INFO 87863 --- [    Test worker] com.zaxxer.hikari.HikariDataSource       : HikariPool-1 - Starting...
?[0m?[0;34m2026-05-28T17:51:44.013+02:00  INFO 87863 --- [    Test worker] com.zaxxer.hikari.pool.HikariPool        : HikariPool-1 - Added connection conn0: url=jdbc:h2:file:../tms_db user=SA
?[0m?[0;34m2026-05-28T17:51:44.015+02:00  INFO 87863 --- [    Test worker] com.zaxxer.hikari.HikariDataSource       : HikariPool-1 - Start completed.
?[0m?[0;34m2026-05-28T17:51:44.135+02:00  INFO 87863 --- [    Test worker] org.hibernate.orm.connections.pooling    : HHH10001005: Database info:
?[0m?[0;34m	Database JDBC URL [Connecting through datasource 'HikariDataSource (HikariPool-1)']
?[0m?[0;34m	Database driver: undefined/unknown
?[0m?[0;34m	Database version: 2.3.232
?[0m?[0;34m	Autocommit mode: undefined/unknown
?[0m?[0;34m	Isolation level: undefined/unknown
?[0m?[0;34m	Minimum pool size: undefined/unknown
?[0m?[0;34m	Maximum pool size: undefined/unknown
?[0m?[0;34m2026-05-28T17:51:45.322+02:00  INFO 87863 --- [    Test worker] o.h.e.t.j.p.i.JtaPlatformInitiator       : HHH000489: No JTA platform available (set 'hibernate.transaction.jta.platform' to enable JTA platform integration)
?[0m?[0;34m2026-05-28T17:51:45.374+02:00  INFO 87863 --- [    Test worker] j.LocalContainerEntityManagerFactoryBean : Initialized JPA EntityManagerFactory for persistence unit 'default'
?[0m?[0;34m2026-05-28T17:51:45.841+02:00  INFO 87863 --- [    Test worker] o.s.d.j.r.query.QueryEnhancerFactory     : Hibernate is in classpath; If applicable, HQL parser will be used.
?[0m?[0;34m2026-05-28T17:51:46.554+02:00  WARN 87863 --- [    Test worker] JpaBaseConfiguration$JpaWebConfiguration : spring.jpa.open-in-view is enabled by default. Therefore, database queries may be performed during view rendering. Explicitly configure spring.jpa.open-in-view to disable this warning
?[0m?[0;34m2026-05-28T17:51:46.950+02:00  INFO 87863 --- [    Test worker] o.s.b.a.e.web.EndpointLinksResolver      : Exposing 14 endpoints beneath base path '/actuator'
?[0m?[0;34m2026-05-28T17:51:46.987+02:00  INFO 87863 --- [    Test worker] r$InitializeUserDetailsManagerConfigurer : Global AuthenticationManager configured with UserDetailsService bean with name databaseUserDetailsService
?[0m?[0;34m2026-05-28T17:51:47.371+02:00  INFO 87863 --- [    Test worker] o.s.b.a.h2.H2ConsoleAutoConfiguration    : H2 console available at '/h2-console'. Database available at 'jdbc:h2:file:../tms_db'
?[0m?[0;34m2026-05-28T17:51:47.427+02:00  INFO 87863 --- [    Test worker] o.s.b.w.embedded.tomcat.TomcatWebServer  : Tomcat started on port 8080 (http) with context path '/'
?[0m?[0;34m2026-05-28T17:51:47.441+02:00  INFO 87863 --- [    Test worker] taskmanagement.Application               : Started Application in 7.418 seconds (process running for 8.53)
?[0;34m2026-05-28T17:51:47.826+02:00  INFO 87863 --- [nio-8080-exec-1] o.a.c.c.C.[Tomcat].[localhost].[/]       : Initializing Spring DispatcherServlet 'dispatcherServlet'
?[0m?[0;34m2026-05-28T17:51:47.826+02:00  INFO 87863 --- [nio-8080-exec-1] o.s.web.servlet.DispatcherServlet        : Initializing Servlet 'dispatcherServlet'
?[0m?[0;34m2026-05-28T17:51:47.827+02:00  INFO 87863 --- [nio-8080-exec-1] o.s.web.servlet.DispatcherServlet        : Completed initialization in 1 ms
?[0m?[0;34m
?[0m?[0;34mRequest: POST http://localhost:8080/api/accounts
?[0m?[0;34mRequest body: {"email":"alice@email.com","password":"password"}
?[0m?[0;34m
?[0m?[1;31m
Start test 2?[0m
?[0;34m
?[0m?[0;34mRequest: POST http://localhost:8080/api/accounts
?[0m?[0;34mRequest body: {"email":"alice@email.com","password":"password"}
?[0m?[0;34m
?[0m?[1;31m
Start test 3?[0m
?[0;34m
?[0m?[0;34mRequest: POST http://localhost:8080/api/accounts
?[0m?[0;34mRequest body: {"email":"ALICE@email.com","password":"password"}
?[0m?[0;34m
?[0m?[1;31m
Start test 4?[0m
?[0;34m
?[0m?[0;34mRequest: POST http://localhost:8080/api/accounts
?[0m?[0;34mRequest body: {"email":"bob@example.com","password":"123456"}
?[0m?[0;34m
?[0m?[1;31m
Start test 5?[0m
?[0;34m
?[0m?[0;34mRequest: POST http://localhost:8080/api/accounts
?[0m?[0;34mRequest body: {"email":" ","password":"password"}
?[0m?[0;34m
?[0m?[1;31m
Start test 6?[0m
?[0;34m
?[0m?[0;34mRequest: POST http://localhost:8080/api/accounts
?[0m?[0;34mRequest body: {"password":"password"}
?[0m?[0;34m
?[0m?[1;31m
Start test 7?[0m
?[0;34m
?[0m?[0;34mRequest: POST http://localhost:8080/api/accounts
?[0m?[0;34mRequest body: {"email":"malformed@email.","password":"password"}
?[0m?[0;34m
?[0m?[1;31m
Start test 8?[0m
?[0;34m
?[0m?[0;34mRequest: POST http://localhost:8080/api/accounts
?[0m?[0;34mRequest body: {"email":"test@test.com"}
?[0m?[0;34m
?[0m?[1;31m
Start test 9?[0m
?[0;34m
?[0m?[0;34mRequest: POST http://localhost:8080/api/accounts
?[0m?[0;34mRequest body: {"email":"test@test.com","password":"      "}
?[0m?[0;34m
?[0m?[1;31m
Start test 10?[0m
?[0;34m
?[0m?[0;34mRequest: POST http://localhost:8080/api/accounts
?[0m?[0;34mRequest body: {"email":"test@test.com","password":"12345"}
?[0m?[0;34m
?[0m?[1;31m
Start test 11?[0m
?[0;34m
?[0m?[0;34mRequest: POST http://localhost:8080/api/auth/token
?[0m?[0;34mRequest body: 
?[0m?[0;34m
?[0m?[1;31m
Start test 12?[0m
?[0;34m
?[0m?[0;34mRequest: POST http://localhost:8080/api/auth/token
?[0m?[0;34mRequest body: 
?[0m?[0;34m
?[0m?[1;31m
Start test 13?[0m
?[0;34m
?[0m?[0;34mRequest: POST http://localhost:8080/api/auth/token
?[0m?[0;34mRequest body: 
?[0m?[0;34m
?[0m?[1;31m
Start test 14?[0m
?[0;34m
?[0m?[0;34mRequest: POST http://localhost:8080/api/auth/token
?[0m?[0;34mRequest body: 
?[0m?[0;34m
?[0m?[1;31m
Start test 15?[0m
?[0;34m
?[0m?[0;34mRequest: POST http://localhost:8080/api/tasks
?[0m?[0;34mRequest body: {"title":"title 1","description":"description 1"}
?[0m?[0;34m
?[0m?[1;31m
Start test 16?[0m
?[0;34m
?[0m?[0;34mRequest: POST http://localhost:8080/api/tasks
?[0m?[0;34mRequest body: {"title":"title 2","description":"description 2"}
?[0m?[0;34m
?[0m?[1;31m
Start test 17?[0m
?[0;34m
?[0m?[0;34mRequest: POST http://localhost:8080/api/tasks
?[0m?[0;34mRequest body: {"title":"title 3","description":"description 3"}
?[0m?[0;34m
?[0m?[1;31m
Start test 18?[0m
?[0;34m
?[0m?[0;34mRequest: POST http://localhost:8080/api/tasks
?[0m?[0;34mRequest body: {"id":"3","description":"description 3","status":"CREATED","author":"bob@example.com"}
?[0m?[0;34m
?[0m?[1;31m
Start test 19?[0m
?[0;34m
?[0m?[0;34mRequest: POST http://localhost:8080/api/tasks
?[0m?[0;34mRequest body: {"id":"1","title":" ","description":"description 1","status":"CREATED","author":"alice@email.com"}
?[0m?[0;34m
?[0m?[1;31m
Start test 20?[0m
?[0;34m
?[0m?[0;34mRequest: POST http://localhost:8080/api/tasks
?[0m?[0;34mRequest body: {"id":"1","title":"title 1","status":"CREATED","author":"alice@email.com"}
?[0m?[0;34m
?[0m?[1;31m
Start test 21?[0m
?[0;34m
?[0m?[0;34mRequest: POST http://localhost:8080/api/tasks
?[0m?[0;34mRequest body: {"id":"1","title":"title 1","description":" ","status":"CREATED","author":"alice@email.com"}
?[0m?[0;34m
?[0m?[1;31m
Start test 22?[0m
?[0;34m
?[0m?[0;34mRequest: POST http://localhost:8080/api/tasks
?[0m?[0;34mRequest body: {"id":"1","title":"title 1","description":"description 1","status":"CREATED","author":"alice@email.com"}
?[0m?[0;34m
?[0m?[1;31m
Start test 23?[0m
?[0;34m
?[0m?[0;34mRequest: PUT http://localhost:8080/api/tasks/1/assign
?[0m?[0;34mRequest body: {"assignee":"bob@example.com"}
?[0m?[0;34m
?[0m?[1;31m
Start test 24?[0m
?[0;34m
?[0m?[0;34mRequest: PUT http://localhost:8080/api/tasks/2/assign
?[0m?[0;34mRequest body: {"assignee":"bob@example.com"}
?[0m?[0;34m
?[0m?[1;31m
Start test 25?[0m
?[0;34m
?[0m?[0;34mRequest: PUT http://localhost:8080/api/tasks/1/assign
?[0m?[0;34mRequest body: {"assignee":"none"}
?[0m?[0;34m
?[0m?[1;31m
Start test 26?[0m
?[0;34m
?[0m?[0;34mRequest: PUT http://localhost:8080/api/tasks/3/assign
?[0m?[0;34mRequest body: {"assignee":"alice@email.com"}
?[0m?[0;34m
?[0m?[1;31m
Start test 27?[0m
?[0;34m
?[0m?[0;34mRequest: PUT http://localhost:8080/api/tasks/1/assign
?[0m?[0;34mRequest body: {"assignee":"bob@example.com"}
?[0m?[0;34m
?[0m?[1;31m
Start test 28?[0m
?[0;34m
?[0m?[0;34mRequest: PUT http://localhost:8080/api/tasks/1/assign
?[0m?[0;34mRequest body: {"assignee":"b48e3356-3113-4251-95ce-7f7599cc3c1b@test.com"}
?[0m?[0;34m
?[0m?[1;31m
Start test 29?[0m
?[0;34m
?[0m?[0;34mRequest: PUT http://localhost:8080/api/tasks/987654321/assign
?[0m?[0;34mRequest body: {"assignee":"bob@example.com"}
?[0m?[0;34m
?[0m?[1;31m
Start test 30?[0m
?[0;34m
?[0m?[0;34mRequest: PUT http://localhost:8080/api/tasks/1/assign
?[0m?[0;34mRequest body: {"assignee":"bob@example.com"}
?[0m?[0;34m
?[0m?[1;31m
Start test 31?[0m
?[0;34m
?[0m?[0;34mRequest: PUT http://localhost:8080/api/tasks/1/status
?[0m?[0;34mRequest body: {"status":"IN_PROGRESS"}
?[0m?[0;34m
?[0m?[1;31m
Start test 32?[0m
?[0;34m
?[0m?[0;34mRequest: PUT http://localhost:8080/api/tasks/2/status
?[0m?[0;34mRequest body: {"status":"IN_PROGRESS"}
?[0m?[0;34m
?[0m?[1;31m
Start test 33?[0m
?[0;34m
?[0m?[0;34mRequest: PUT http://localhost:8080/api/tasks/2/status
?[0m?[0;34mRequest body: {"status":"COMPLETED"}
?[0m?[0;34m
?[0m?[1;31m
Start test 34?[0m
?[0;34m
?[0m?[0;34mRequest: PUT http://localhost:8080/api/tasks/1/status
?[0m?[0;34mRequest body: {"status":"COMPLETED"}
?[0m?[0;34m
?[0m?[1;31m
Start test 35?[0m
?[0;34m
?[0m?[0;34mRequest: PUT http://localhost:8080/api/tasks/98765432/status
?[0m?[0;34mRequest body: {"status":"COMPLETED"}
?[0m?[0;34m
?[0m?[1;31m
Start test 36?[0m
?[0;34m
?[0m?[0;34mRequest: PUT http://localhost:8080/api/tasks/1/status
?[0m?[0;34mRequest body: {"status":"COMPLETED"}
?[0m?[0;34m
?[0m?[1;31m
Start test 37?[0m
?[0;34m
?[0m?[0;34mRequest: POST http://localhost:8080/api/tasks/1/comments
?[0m?[0;34mRequest body: {"text":"comment 1"}
?[0m?[0;34m
?[0m?[1;31m
Start test 38?[0m
?[0;34m
?[0m?[0;34mRequest: POST http://localhost:8080/api/tasks/1/comments
?[0m?[0;34mRequest body: {"text":"comment 2"}
?[0m?[0;34m
?[0m?[1;31m
Start test 39?[0m
?[0;34m
?[0m?[0;34mRequest: POST http://localhost:8080/api/tasks/1/comments
?[0m?[0;34mRequest body: {"text":"comment 3"}
?[0m?[0;34m
?[0m?[1;31m
Start test 40?[0m
?[0;34m
?[0m?[0;34mRequest: POST http://localhost:8080/api/tasks/3/comments
?[0m?[0;34mRequest body: {"text":"comment 4"}
?[0m?[0;34m
?[0m?[1;31m
Start test 41?[0m
?[0;34m
?[0m?[0;34mRequest: POST http://localhost:8080/api/tasks/3/comments
?[0m?[0;34mRequest body: {"text":"comment 5"}
?[0m?[0;34m
?[0m?[1;31m
Start test 42?[0m
?[0;34m
?[0m?[0;34mRequest: POST http://localhost:8080/api/tasks/3/comments
?[0m?[0;34mRequest body: {"text":"   "}
?[0m?[0;34m
?[0m?[1;31m
Start test 43?[0m
?[0;34m
?[0m?[0;34mRequest: POST http://localhost:8080/api/tasks/3/comments
?[0m?[0;34mRequest body: {"text":"comment 5"}
?[0m?[0;34m
?[0m?[1;31m
Start test 44?[0m
?[0;34m
?[0m?[0;34mRequest: POST http://localhost:8080/api/tasks/999558881/comments
?[0m?[0;34mRequest body: {"text":"comment 5"}
?[0m?[0;34m
?[0m?[1;31m
Start test 45?[0m
?[0;34m
?[0m?[0;34mRequest: GET http://localhost:8080/api/tasks/1/comments
?[0m?[0;34mRequest body: 
?[0m?[0;34m
?[0m?[1;31m
Start test 46?[0m
?[0;34m
?[0m?[0;34mRequest: GET http://localhost:8080/api/tasks/2/comments
?[0m?[0;34mRequest body: 
?[0m?[0;34m
?[0m?[1;31m
Start test 47?[0m
?[0;34m
?[0m?[0;34mRequest: GET http://localhost:8080/api/tasks/3/comments
?[0m?[0;34mRequest body: 
?[0m?[0;34m
?[0m?[1;31m
Start test 48?[0m
?[0;34m
?[0m?[0;34mRequest: GET http://localhost:8080/api/tasks/3/comments
?[0m?[0;34mRequest body: 
?[0m?[0;34m
?[0m?[1;31m
Start test 49?[0m
?[0;34m
?[0m?[0;34mRequest: GET http://localhost:8080/api/tasks/123456789/comments
?[0m?[0;34mRequest body: 
?[0m?[0;34m
?[0m?[1;31m
Start test 50?[0m
?[0;34m
?[0m?[0;34mRequest: GET http://localhost:8080/api/tasks
?[0m?[0;34mRequest body: 
?[0m?[0;34m
?[0m?[1;31m
Start test 51?[0m
?[0;34m
?[0m?[0;34mRequest: GET http://localhost:8080/api/tasks
?[0m?[0;34mRequest body: 
?[0m?[0;34m
?[0m?[1;31m
Start test 52?[0m
?[0;34m
?[0m?[0;34mRequest: GET http://localhost:8080/api/tasks
?[0m?[0;34mRequest body: 
?[0m?[0;34m
?[0m?[1;31m
Start test 53?[0m
?[0;34m
?[0m?[0;34mRequest: GET http://localhost:8080/api/tasks?author=alice@email.com
?[0m?[0;34mRequest body: 
?[0m?[0;34m
?[0m?[1;31m
Start test 54?[0m
?[0;34m
?[0m?[0;34mRequest: GET http://localhost:8080/api/tasks?author=alice@email.com
?[0m?[0;34mRequest body: 
?[0m?[0;34m
?[0m?[1;31m
Start test 55?[0m
?[0;34m
?[0m?[0;34mRequest: GET http://localhost:8080/api/tasks?author=bob@example.com
?[0m?[0;34mRequest body: 
?[0m?[0;34m
?[0m?[1;31m
Start test 56?[0m
?[0;34m
?[0m?[0;34mRequest: GET http://localhost:8080/api/tasks?author=unknown
?[0m?[0;34mRequest body: 
?[0m?[0;34m
?[0m?[1;31m
Start test 57?[0m
?[0;34m
?[0m?[0;34mRequest: GET http://localhost:8080/api/tasks?assignee=unknown
?[0m?[0;34mRequest body: 
?[0m?[0;34m
?[0m?[1;31m
Start test 58?[0m
?[0;34m
?[0m?[0;34mRequest: GET http://localhost:8080/api/tasks?author=alice@email.com&assignee=bob@example.com
?[0m?[0;34mRequest body: 
?[0m?[0;34m
?[0m?[1;31m
Start test 59?[0m
?[0;34m
?[0m?[0;34mRequest: GET http://localhost:8080/api/tasks?author=bob@example.com&assignee=alice@email.com
?[0m?[0;34mRequest body: 
?[0m?[0;34m
?[0m?[1;31m
Start test 60?[0m
?[0;34m2026-05-28T17:51:50.052+02:00  INFO 87863 --- [       Thread-5] o.s.b.w.e.tomcat.GracefulShutdown        : Commencing graceful shutdown. Waiting for active requests to complete
?[0;34m2026-05-28T17:51:50.061+02:00  INFO 87863 --- [tomcat-shutdown] o.s.b.w.e.tomcat.GracefulShutdown        : Graceful shutdown complete
?[0m?[0;34m2026-05-28T17:51:50.073+02:00  INFO 87863 --- [       Thread-5] j.LocalContainerEntityManagerFactoryBean : Closing JPA EntityManagerFactory for persistence unit 'default'
?[0m?[0;34m2026-05-28T17:51:50.079+02:00  INFO 87863 --- [       Thread-5] com.zaxxer.hikari.HikariDataSource       : HikariPool-1 - Shutdown initiated...
?[0m?[0;34m2026-05-28T17:51:50.222+02:00  INFO 87863 --- [       Thread-5] com.zaxxer.hikari.HikariDataSource       : HikariPool-1 - Shutdown completed.
?[0;34m
?[0m?[0;34m  .   ____          _            __ _ _
?[0m?[0;34m /\\ / ___'_ __ _ _(_)_ __  __ _ \ \ \ \
?[0m?[0;34m( ( )\___ | '_ | '_| | '_ \/ _` | \ \ \ \
?[0m?[0;34m \\/  ___)| |_)| | | | | || (_| |  ) ) ) )
?[0m?[0;34m  '  |____| .__|_| |_|_| |_\__, | / / / /
?[0m?[0;34m =========|_|==============|___/=/_/_/_/
?[0m?[0;34m
?[0m?[0;34m :: Spring Boot ::                (v3.5.9)
?[0m?[0;34m
?[0m?[0;34m2026-05-28T17:52:00.024+02:00  INFO 87863 --- [    Test worker] taskmanagement.Application               : Starting Application using Java 23.0.2 with PID 87863 (started by forum-gs-mac-air-it in /Users/forum-gs-mac-air-it/IdeaProjects/Task Management System/Task Management System/task)
?[0m?[0;34m2026-05-28T17:52:00.024+02:00  INFO 87863 --- [    Test worker] taskmanagement.Application               : No active profile set, falling back to 1 default profile: "default"
?[0m?[0;34m2026-05-28T17:52:00.997+02:00  INFO 87863 --- [    Test worker] .s.d.r.c.RepositoryConfigurationDelegate : Bootstrapping Spring Data JPA repositories in DEFAULT mode.
?[0m?[0;34m2026-05-28T17:52:01.023+02:00  INFO 87863 --- [    Test worker] .s.d.r.c.RepositoryConfigurationDelegate : Finished Spring Data repository scanning in 8 ms. Found 4 JPA repository interfaces.
?[0m?[0;34m2026-05-28T17:52:01.074+02:00  INFO 87863 --- [    Test worker] o.s.b.w.embedded.tomcat.TomcatWebServer  : Tomcat initialized with port 8080 (http)
?[0m?[0;34m2026-05-28T17:52:01.076+02:00  INFO 87863 --- [    Test worker] o.apache.catalina.core.StandardService   : Starting service [Tomcat]
?[0m?[0;34m2026-05-28T17:52:01.076+02:00  INFO 87863 --- [    Test worker] o.apache.catalina.core.StandardEngine    : Starting Servlet engine: [Apache Tomcat/10.1.50]
?[0m?[0;34m2026-05-28T17:52:01.100+02:00  INFO 87863 --- [    Test worker] o.a.c.c.C.[Tomcat].[localhost].[/]       : Initializing Spring embedded WebApplicationContext
?[0m?[0;34m2026-05-28T17:52:01.101+02:00  INFO 87863 --- [    Test worker] w.s.c.ServletWebServerApplicationContext : Root WebApplicationContext: initialization completed in 1072 ms
?[0m?[0;34m2026-05-28T17:52:01.140+02:00  INFO 87863 --- [    Test worker] o.hibernate.jpa.internal.util.LogHelper  : HHH000204: Processing PersistenceUnitInfo [name: default]
?[0m?[0;34m2026-05-28T17:52:01.141+02:00  INFO 87863 --- [    Test worker] o.h.c.internal.RegionFactoryInitiator    : HHH000026: Second-level cache disabled
?[0m?[0;34m2026-05-28T17:52:01.572+02:00  INFO 87863 --- [    Test worker] o.s.o.j.p.SpringPersistenceUnitInfo      : No LoadTimeWeaver setup: ignoring JPA class transformer
?[0m?[0;34m2026-05-28T17:52:01.573+02:00  INFO 87863 --- [    Test worker] com.zaxxer.hikari.HikariDataSource       : HikariPool-2 - Starting...
?[0m?[0;34m2026-05-28T17:52:01.588+02:00  INFO 87863 --- [    Test worker] com.zaxxer.hikari.pool.HikariPool        : HikariPool-2 - Added connection conn10: url=jdbc:h2:file:../tms_db user=SA
?[0m?[0;34m2026-05-28T17:52:01.588+02:00  INFO 87863 --- [    Test worker] com.zaxxer.hikari.HikariDataSource       : HikariPool-2 - Start completed.
?[0m?[0;34m2026-05-28T17:52:01.589+02:00  INFO 87863 --- [    Test worker] org.hibernate.orm.connections.pooling    : HHH10001005: Database info:
?[0m?[0;34m	Database JDBC URL [Connecting through datasource 'HikariDataSource (HikariPool-2)']
?[0m?[0;34m	Database driver: undefined/unknown
?[0m?[0;34m	Database version: 2.3.232
?[0m?[0;34m	Autocommit mode: undefined/unknown
?[0m?[0;34m	Isolation level: undefined/unknown
?[0m?[0;34m	Minimum pool size: undefined/unknown
?[0m?[0;34m	Maximum pool size: undefined/unknown
?[0m?[0;34m2026-05-28T17:52:02.203+02:00  INFO 87863 --- [    Test worker] o.h.e.t.j.p.i.JtaPlatformInitiator       : HHH000489: No JTA platform available (set 'hibernate.transaction.jta.platform' to enable JTA platform integration)
?[0m?[0;34m2026-05-28T17:52:02.215+02:00  INFO 87863 --- [    Test worker] j.LocalContainerEntityManagerFactoryBean : Initialized JPA EntityManagerFactory for persistence unit 'default'
?[0m?[0;34m2026-05-28T17:52:02.270+02:00  WARN 87863 --- [    Test worker] JpaBaseConfiguration$JpaWebConfiguration : spring.jpa.open-in-view is enabled by default. Therefore, database queries may be performed during view rendering. Explicitly configure spring.jpa.open-in-view to disable this warning
?[0m?[0;34m2026-05-28T17:52:02.310+02:00  INFO 87863 --- [    Test worker] o.s.b.a.e.web.EndpointLinksResolver      : Exposing 14 endpoints beneath base path '/actuator'
?[0m?[0;34m2026-05-28T17:52:02.318+02:00  INFO 87863 --- [    Test worker] r$InitializeUserDetailsManagerConfigurer : Global AuthenticationManager configured with UserDetailsService bean with name databaseUserDetailsService
?[0m?[0;34m2026-05-28T17:52:02.366+02:00  INFO 87863 --- [    Test worker] o.s.b.a.h2.H2ConsoleAutoConfiguration    : H2 console available at '/h2-console'. Database available at 'jdbc:h2:file:../tms_db'
?[0m?[0;34m2026-05-28T17:52:02.376+02:00  INFO 87863 --- [    Test worker] o.s.b.w.embedded.tomcat.TomcatWebServer  : Tomcat started on port 8080 (http) with context path '/'
?[0m?[0;34m2026-05-28T17:52:02.381+02:00  INFO 87863 --- [    Test worker] taskmanagement.Application               : Started Application in 2.421 seconds (process running for 23.47)
?[0m?[1;31m
Start test 61?[0m
?[0;34m2026-05-28T17:52:02.400+02:00  INFO 87863 --- [nio-8080-exec-1] o.a.c.c.C.[Tomcat].[localhost].[/]       : Initializing Spring DispatcherServlet 'dispatcherServlet'
?[0m?[0;34m2026-05-28T17:52:02.400+02:00  INFO 87863 --- [nio-8080-exec-1] o.s.web.servlet.DispatcherServlet        : Initializing Servlet 'dispatcherServlet'
?[0m?[0;34m2026-05-28T17:52:02.400+02:00  INFO 87863 --- [nio-8080-exec-1] o.s.web.servlet.DispatcherServlet        : Completed initialization in 0 ms
?[0;34m
?[0m?[0;34mRequest: POST http://localhost:8080/api/accounts
?[0m?[0;34mRequest body: {"email":"alice@email.com","password":"password","token":"12b54913-7ff9-4ec8-94cc-de982feffc21"}
?[0m?[0;34m
?[0m?[1;31m
Start test 62?[0m
?[0;34m
?[0m?[0;34mRequest: POST http://localhost:8080/api/auth/token
?[0m?[0;34mRequest body: 
?[0m?[0;34m
?[0m?[1;31m
Start test 63?[0m
?[0;34m
?[0m?[0;34mRequest: GET http://localhost:8080/api/tasks
?[0m?[0;34mRequest body: 
?[0m?[0;34m
?[0m]]></system-out>
  <system-err><![CDATA[]]></system-err>
</testsuite>
